<?xml version="1.0" encoding="UTF-8"?>
<!-- Generated by org.testng.reporters.JUnitXMLReporter -->
<testsuite ignored="0" hostname="DESKTOP-G7A9KI4" failures="1" tests="1" name="Test(failed)" time="14.353" errors="0" timestamp="2024-11-09T09:20:38 IST">
  <testcase classname="testCases.TC002_LOGIN" name="verify_login" time="11.063">
    <failure type="java.lang.AssertionError" message="expected [true] but found [false]">
      <![CDATA[java.lang.AssertionError: expected [true] but found [false]
at testCases.TC002_LOGIN.verify_login(TC002_LOGIN.java:35)
at java.base/java.util.ArrayList.forEach(ArrayList.java:1597)
... Removed 29 stack frames]]>
    </failure>
  </testcase> <!-- verify_login -->
</testsuite> <!-- Test(failed) -->
