<?xml version="1.0" encoding="UTF-8"?>
<!-- Generated by org.testng.reporters.JUnitXMLReporter -->
<testsuite ignored="0" hostname="DESKTOP-G7A9KI4" failures="1" tests="1" name="ChromeTest" time="24.779" errors="0" timestamp="2025-01-17T22:03:22 IST">
  <testcase classname="testCases.TC001_AccountRegistrationTest" name="verify_account_Registration" time="10.538">
    <failure type="org.openqa.selenium.ElementNotInteractableException" message="element not interactable
  (Session info: MicrosoftEdge=131.0.2903.146)
Build info: version: &amp;apos;4.26.0&amp;apos;, revision: &amp;apos;8ccf0219d7&amp;apos;
System info: os.name: &amp;apos;Windows 10&amp;apos;, os.arch: &amp;apos;amd64&amp;apos;, os.version: &amp;apos;10.0&amp;apos;, java.version: &amp;apos;23&amp;apos;
Driver info: org.openqa.selenium.remote.RemoteWebDriver
Command: [7d73e1f8b179007ee1e623e4b7318ece, clickElement {id=f.409B8731A76C149342F9FC654E51901C.d.61806320C779D6BCEBD992B964FAF13B.e.69}]
Capabilities {acceptInsecureCerts: false, browserName: MicrosoftEdge, browserVersion: 131.0.2903.146, fedcm:accounts: true, ms:edgeOptions: {debuggerAddress: localhost:57850}, msedge: {msedgedriverVersion: 131.0.2903.146 (99fcb90c1ee..., userDataDir: C:\Users\manoj\AppData\Loca...}, networkConnectionEnabled: false, pageLoadStrategy: normal, platformName: Windows 10, proxy: Proxy(), se:bidiEnabled: false, se:cdp: ws://192.168.1.2:4444/sessi..., se:cdpVersion: 131.0.2903.146, setWindowRect: true, strictFileInteractability: false, timeouts: {implicit: 0, pageLoad: 300000, script: 30000}, unhandledPromptBehavior: dismiss and notify, webauthn:extension:credBlob: true, webauthn:extension:largeBlob: true, webauthn:extension:minPinLength: true, webauthn:extension:prf: true, webauthn:virtualAuthenticators: true}
Element: [[RemoteWebDriver: MicrosoftEdge on Windows 10 (7d73e1f8b179007ee1e623e4b7318ece)] -&amp;gt; xpath: //a[normalize-space()=&amp;apos;Register&amp;apos;]]
Session ID: 7d73e1f8b179007ee1e623e4b7318ece">
      <![CDATA[org.openqa.selenium.ElementNotInteractableException: element not interactable
  (Session info: MicrosoftEdge=131.0.2903.146)
Build info: version: '4.26.0', revision: '8ccf0219d7'
System info: os.name: 'Windows 10', os.arch: 'amd64', os.version: '10.0', java.version: '23'
Driver info: org.openqa.selenium.remote.RemoteWebDriver
Command: [7d73e1f8b179007ee1e623e4b7318ece, clickElement {id=f.409B8731A76C149342F9FC654E51901C.d.61806320C779D6BCEBD992B964FAF13B.e.69}]
Capabilities {acceptInsecureCerts: false, browserName: MicrosoftEdge, browserVersion: 131.0.2903.146, fedcm:accounts: true, ms:edgeOptions: {debuggerAddress: localhost:57850}, msedge: {msedgedriverVersion: 131.0.2903.146 (99fcb90c1ee..., userDataDir: C:\Users\manoj\AppData\Loca...}, networkConnectionEnabled: false, pageLoadStrategy: normal, platformName: Windows 10, proxy: Proxy(), se:bidiEnabled: false, se:cdp: ws://192.168.1.2:4444/sessi..., se:cdpVersion: 131.0.2903.146, setWindowRect: true, strictFileInteractability: false, timeouts: {implicit: 0, pageLoad: 300000, script: 30000}, unhandledPromptBehavior: dismiss and notify, webauthn:extension:credBlob: true, webauthn:extension:largeBlob: true, webauthn:extension:minPinLength: true, webauthn:extension:prf: true, webauthn:virtualAuthenticators: true}
Element: [[RemoteWebDriver: MicrosoftEdge on Windows 10 (7d73e1f8b179007ee1e623e4b7318ece)] -> xpath: //a[normalize-space()='Register']]
Session ID: 7d73e1f8b179007ee1e623e4b7318ece
at org.openqa.selenium.remote.ErrorCodec.decode(ErrorCodec.java:167)
at org.openqa.selenium.remote.codec.w3c.W3CHttpResponseCodec.decode(W3CHttpResponseCodec.java:138)
at org.openqa.selenium.remote.codec.w3c.W3CHttpResponseCodec.decode(W3CHttpResponseCodec.java:50)
at org.openqa.selenium.remote.HttpCommandExecutor.execute(HttpCommandExecutor.java:190)
at org.openqa.selenium.remote.TracedCommandExecutor.execute(TracedCommandExecutor.java:53)
at org.openqa.selenium.remote.RemoteWebDriver.execute(RemoteWebDriver.java:545)
at org.openqa.selenium.remote.RemoteWebElement.execute(RemoteWebElement.java:223)
at org.openqa.selenium.remote.RemoteWebElement.click(RemoteWebElement.java:76)
at org.openqa.selenium.support.pagefactory.internal.LocatingElementHandler.invoke(LocatingElementHandler.java:51)
at jdk.proxy2/jdk.proxy2.$Proxy30.click(Unknown Source)
at pageObjects.HomePage.clickRegister(HomePage.java:33)
at testCases.TC001_AccountRegistrationTest.verify_account_Registration(TC001_AccountRegistrationTest.java:35)
at java.base/java.util.ArrayList.forEach(ArrayList.java:1597)
at java.base/java.util.concurrent.FutureTask.run(FutureTask.java:317)
at java.base/java.util.concurrent.ThreadPoolExecutor.runWorker(ThreadPoolExecutor.java:1144)
at java.base/java.util.concurrent.ThreadPoolExecutor$Worker.run(ThreadPoolExecutor.java:642)
at java.base/java.lang.Thread.run(Thread.java:1575)
... Removed 20 stack frames]]>
    </failure>
  </testcase> <!-- verify_account_Registration -->
</testsuite> <!-- ChromeTest -->
