<?xml version="1.0" encoding="UTF-8"?>
<testng-results ignored="0" total="2" passed="2" failed="0" skipped="0">
  <reporter-output>
  </reporter-output>
  <suite started-at="2024-12-22T11:07:17 IST" name="Master Suite" finished-at="2024-12-22T11:07:33 IST" duration-ms="15937">
    <groups>
      <group name="Master">
        <method signature="TC001_AccountRegistrationTest.verify_account_Registration()[pri:0, instance:testCases.TC001_AccountRegistrationTest@7fb95505]" name="verify_account_Registration" class="testCases.TC001_AccountRegistrationTest"/>
        <method signature="TC002_LOGIN.verify_login()[pri:0, instance:testCases.TC002_LOGIN@2bd08376]" name="verify_login" class="testCases.TC002_LOGIN"/>
      </group> <!-- Master -->
      <group name="Sanity">
        <method signature="TC002_LOGIN.verify_login()[pri:0, instance:testCases.TC002_LOGIN@2bd08376]" name="verify_login" class="testCases.TC002_LOGIN"/>
      </group> <!-- Sanity -->
      <group name="Regression">
        <method signature="TC001_AccountRegistrationTest.verify_account_Registration()[pri:0, instance:testCases.TC001_AccountRegistrationTest@7fb95505]" name="verify_account_Registration" class="testCases.TC001_AccountRegistrationTest"/>
      </group> <!-- Regression -->
    </groups>
    <test started-at="2024-12-22T11:07:17 IST" name="Test" finished-at="2024-12-22T11:07:33 IST" duration-ms="15937">
      <class name="testCases.TC002_LOGIN">
        <test-method is-config="true" signature="setup(java.lang.String,java.lang.String)[pri:0, instance:testCases.TC002_LOGIN@2bd08376]" started-at="2024-12-22T11:07:29 IST" name="setup" finished-at="2024-12-22T11:07:32 IST" duration-ms="2798" status="PASS">
          <params>
            <param index="0">
              <value>
                <![CDATA[Windows]]>
              </value>
            </param>
            <param index="1">
              <value>
                <![CDATA[chrome]]>
              </value>
            </param>
          </params>
          <reporter-output>
          </reporter-output>
        </test-method> <!-- setup -->
        <test-method signature="verify_login()[pri:0, instance:testCases.TC002_LOGIN@2bd08376]" started-at="2024-12-22T11:07:32 IST" name="verify_login" finished-at="2024-12-22T11:07:33 IST" duration-ms="1230" status="PASS">
          <reporter-output>
          </reporter-output>
        </test-method> <!-- verify_login -->
        <test-method is-config="true" signature="teardown()[pri:0, instance:testCases.TC002_LOGIN@2bd08376]" started-at="2024-12-22T11:07:33 IST" name="teardown" finished-at="2024-12-22T11:07:33 IST" duration-ms="74" status="PASS">
          <reporter-output>
          </reporter-output>
        </test-method> <!-- teardown -->
      </class> <!-- testCases.TC002_LOGIN -->
      <class name="testCases.TC001_AccountRegistrationTest">
        <test-method is-config="true" signature="setup(java.lang.String,java.lang.String)[pri:0, instance:testCases.TC001_AccountRegistrationTest@7fb95505]" started-at="2024-12-22T11:07:18 IST" name="setup" finished-at="2024-12-22T11:07:25 IST" duration-ms="7726" status="PASS">
          <params>
            <param index="0">
              <value>
                <![CDATA[Windows]]>
              </value>
            </param>
            <param index="1">
              <value>
                <![CDATA[chrome]]>
              </value>
            </param>
          </params>
          <reporter-output>
          </reporter-output>
        </test-method> <!-- setup -->
        <test-method signature="verify_account_Registration()[pri:0, instance:testCases.TC001_AccountRegistrationTest@7fb95505]" started-at="2024-12-22T11:07:25 IST" name="verify_account_Registration" finished-at="2024-12-22T11:07:29 IST" duration-ms="3558" status="PASS">
          <reporter-output>
          </reporter-output>
        </test-method> <!-- verify_account_Registration -->
        <test-method is-config="true" signature="teardown()[pri:0, instance:testCases.TC001_AccountRegistrationTest@7fb95505]" started-at="2024-12-22T11:07:29 IST" name="teardown" finished-at="2024-12-22T11:07:29 IST" duration-ms="253" status="PASS">
          <reporter-output>
          </reporter-output>
        </test-method> <!-- teardown -->
      </class> <!-- testCases.TC001_AccountRegistrationTest -->
    </test> <!-- Test -->
  </suite> <!-- Master Suite -->
</testng-results>
